
Circuit 1 cell sky130_fd_pr__nfet_01v8 and Circuit 2 cell sky130_fd_pr__nfet_01v8 are black boxes.
Equate elements:  no current cell.
Device classes sky130_fd_pr__nfet_01v8 and sky130_fd_pr__nfet_01v8 are equivalent.

Circuit 1 cell sky130_fd_pr__pfet_01v8 and Circuit 2 cell sky130_fd_pr__pfet_01v8 are black boxes.
Equate elements:  no current cell.
Device classes sky130_fd_pr__pfet_01v8 and sky130_fd_pr__pfet_01v8 are equivalent.
Flattening unmatched subcell t_gate in circuit mux21 (1)(2 instances)
Flattening unmatched subcell inv in circuit mux21 (1)(1 instance)

Subcircuit summary:
Circuit 1: mux21                           |Circuit 2: mux21                           
-------------------------------------------|-------------------------------------------
sky130_fd_pr__pfet_01v8 (3)                |sky130_fd_pr__pfet_01v8 (3)                
sky130_fd_pr__nfet_01v8 (3)                |sky130_fd_pr__nfet_01v8 (3)                
Number of devices: 6                       |Number of devices: 6                       
Number of nets: 7 **Mismatch**             |Number of nets: 11 **Mismatch**            
---------------------------------------------------------------------------------------
NET mismatches: Class fragments follow (with fanout counts):
Circuit 1: mux21                           |Circuit 2: mux21                           

---------------------------------------------------------------------------------------
Net: vdd                                   |Net: inv:3/GND                             
  sky130_fd_pr__pfet_01v8/4 = 3            |  sky130_fd_pr__nfet_01v8/(1|3) = 1        
  sky130_fd_pr__pfet_01v8/(1|3) = 1        |  sky130_fd_pr__nfet_01v8/4 = 1            
                                           |                                           
Net: gnd                                   |Net: inv:3/VDD                             
  sky130_fd_pr__nfet_01v8/(1|3) = 1        |  sky130_fd_pr__pfet_01v8/(1|3) = 1        
  sky130_fd_pr__nfet_01v8/4 = 3            |  sky130_fd_pr__pfet_01v8/4 = 1            
---------------------------------------------------------------------------------------

---------------------------------------------------------------------------------------
(no matching net)                          |Net: t_gate:2/VDD                          
                                           |  sky130_fd_pr__pfet_01v8/4 = 1            
                                           |                                           
(no matching net)                          |Net: t_gate:1/VDD                          
                                           |  sky130_fd_pr__pfet_01v8/4 = 1            
---------------------------------------------------------------------------------------

---------------------------------------------------------------------------------------
(no matching net)                          |Net: t_gate:2/GND                          
                                           |  sky130_fd_pr__nfet_01v8/4 = 1            
                                           |                                           
(no matching net)                          |Net: t_gate:1/GND                          
                                           |  sky130_fd_pr__nfet_01v8/4 = 1            
---------------------------------------------------------------------------------------

---------------------------------------------------------------------------------------
Net: B                                     |Net: B                                     
  sky130_fd_pr__nfet_01v8/(1|3) = 1        |  sky130_fd_pr__nfet_01v8/(1|3) = 1        
  sky130_fd_pr__pfet_01v8/(1|3) = 1        |  sky130_fd_pr__pfet_01v8/(1|3) = 1        
                                           |                                           
Net: A                                     |Net: A                                     
  sky130_fd_pr__pfet_01v8/(1|3) = 1        |  sky130_fd_pr__pfet_01v8/(1|3) = 1        
  sky130_fd_pr__nfet_01v8/(1|3) = 1        |  sky130_fd_pr__nfet_01v8/(1|3) = 1        
---------------------------------------------------------------------------------------

---------------------------------------------------------------------------------------
Net: S_n                                   |Net: net1                                  
  sky130_fd_pr__nfet_01v8/(1|3) = 1        |  sky130_fd_pr__nfet_01v8/(1|3) = 1        
  sky130_fd_pr__pfet_01v8/(1|3) = 1        |  sky130_fd_pr__pfet_01v8/(1|3) = 1        
  sky130_fd_pr__pfet_01v8/2 = 1            |  sky130_fd_pr__pfet_01v8/2 = 1            
  sky130_fd_pr__nfet_01v8/2 = 1            |  sky130_fd_pr__nfet_01v8/2 = 1            
---------------------------------------------------------------------------------------

---------------------------------------------------------------------------------------
Net: S                                     |Net: S                                     
  sky130_fd_pr__pfet_01v8/2 = 2            |  sky130_fd_pr__pfet_01v8/2 = 2            
  sky130_fd_pr__nfet_01v8/2 = 2            |  sky130_fd_pr__nfet_01v8/2 = 2            
---------------------------------------------------------------------------------------

---------------------------------------------------------------------------------------
Net: Y                                     |Net: Y                                     
  sky130_fd_pr__pfet_01v8/(1|3) = 2        |  sky130_fd_pr__pfet_01v8/(1|3) = 2        
  sky130_fd_pr__nfet_01v8/(1|3) = 2        |  sky130_fd_pr__nfet_01v8/(1|3) = 2        
---------------------------------------------------------------------------------------
DEVICE mismatches: Class fragments follow (with node fanout counts):
Circuit 1: mux21                           |Circuit 2: mux21                           

---------------------------------------------------------------------------------------
Instance: sky130_fd_pr__nfet_01v8:2        |Instance: t_gate:1/sky130_fd_pr__nfet_01v8 
  (1,3) = (4,2)                            |  (1,3) = (4,2)                            
  2 = 4                                    |  2 = 4                                    
  4 = 4                                    |  4 = 1                                    
                                           |                                           
Instance: sky130_fd_pr__nfet_01v8:5        |Instance: t_gate:2/sky130_fd_pr__nfet_01v8 
  (1,3) = (4,2)                            |  (1,3) = (4,2)                            
  2 = 4                                    |  2 = 4                                    
  4 = 4                                    |  4 = 1                                    
---------------------------------------------------------------------------------------

---------------------------------------------------------------------------------------
Instance: sky130_fd_pr__pfet_01v8:0        |Instance: t_gate:1/sky130_fd_pr__pfet_01v8 
  (1,3) = (4,2)                            |  (1,3) = (4,2)                            
  2 = 4                                    |  2 = 4                                    
  4 = 4                                    |  4 = 1                                    
                                           |                                           
Instance: sky130_fd_pr__pfet_01v8:4        |Instance: t_gate:2/sky130_fd_pr__pfet_01v8 
  (1,3) = (4,2)                            |  (1,3) = (4,2)                            
  2 = 4                                    |  2 = 4                                    
  4 = 4                                    |  4 = 1                                    
---------------------------------------------------------------------------------------
Netlists do not match.

Subcircuit pins:
Circuit 1: mux21                           |Circuit 2: mux21                           
-------------------------------------------|-------------------------------------------
B                                          |B                                          
A                                          |A                                          
S                                          |S                                          
Y                                          |Y                                          
---------------------------------------------------------------------------------------
Cell pin lists are equivalent.
Device classes mux21 and mux21 are equivalent.

Final result: Netlists do not match.
